[debug] [2022-08-05T13:00:20.612Z] ----------------------------------------------------------------------
[debug] [2022-08-05T13:00:20.614Z] Command:       /usr/bin/node /usr/bin/firebase init
[debug] [2022-08-05T13:00:20.615Z] CLI Version:   11.4.2
[debug] [2022-08-05T13:00:20.615Z] Platform:      linux
[debug] [2022-08-05T13:00:20.615Z] Node Version:  v18.6.0
[debug] [2022-08-05T13:00:20.615Z] Time:          Fri Aug 05 2022 18:30:20 GMT+0530 (India Standard Time)
[debug] [2022-08-05T13:00:20.616Z] ----------------------------------------------------------------------
[debug] 
[debug] [2022-08-05T13:00:20.674Z] > command requires scopes: ["email","openid","https://www.googleapis.com/auth/cloudplatformprojects.readonly","https://www.googleapis.com/auth/firebase","https://www.googleapis.com/auth/cloud-platform"]
[debug] [2022-08-05T13:00:20.674Z] > authorizing via signed-in user (nikitdwivedi@fabloplatforms.com)
[info] 
     ######## #### ########  ######## ########     ###     ######  ########
     ##        ##  ##     ## ##       ##     ##  ##   ##  ##       ##
     ######    ##  ########  ######   ########  #########  ######  ######
     ##        ##  ##    ##  ##       ##     ## ##     ##       ## ##
     ##       #### ##     ## ######## ########  ##     ##  ######  ########

You're about to initialize a Firebase project in this directory:

  /home/mugiwara/job/coding/angular/vrbclean

Before we get started, keep in mind:

  * You are initializing within an existing Firebase project directory

[info] 
=== Project Setup
[info] 
[info] First, let's associate this project directory with a Firebase project.
[info] You can create multiple project aliases by running firebase use --add, 
[info] but for now we'll just set up a default project.
[info] 
[debug] [2022-08-05T13:00:28.719Z] Using project from CLI flag: vrbccleaning
[debug] [2022-08-05T13:00:28.724Z] >>> [apiv2][query] GET https://firebase.googleapis.com/v1beta1/projects/vrbccleaning [none]
[debug] [2022-08-05T13:00:29.203Z] <<< [apiv2][status] GET https://firebase.googleapis.com/v1beta1/projects/vrbccleaning 200
[debug] [2022-08-05T13:00:29.203Z] <<< [apiv2][body] GET https://firebase.googleapis.com/v1beta1/projects/vrbccleaning {"projectId":"vrbccleaning","projectNumber":"924256664869","displayName":"vrbccleaning","name":"projects/vrbccleaning","resources":{"hostingSite":"vrbccleaning"},"state":"ACTIVE","etag":"1_53a01a66-c649-4692-a0c0-5ad29d9f4e40"}
[info] i  Using project vrbccleaning (vrbccleaning) 
[info] 
=== Hosting:github Setup
[info] 
[info] i  Didn't detect a .git folder. Assuming /home/mugiwara/job/coding/angular/vrbclean is the project root. 
[info] i  Authorizing with GitHub to upload your service account to a GitHub repository's secrets store. 
[info] 
[info] Visit this URL on this device to log in:
[info] https://github.com/login/oauth/authorize?client_id=89cf50f02ac6aaed3484&state=706837856&redirect_uri=http%3A%2F%2Flocalhost%3A9005&scope=read%3Auser%20repo%20public_repo
[info] 
[info] Waiting for authentication...
[debug] [2022-08-05T13:00:43.873Z] >>> [apiv2][query] POST https://github.com/login/oauth/access_token [none]
[debug] [2022-08-05T13:00:43.874Z] >>> [apiv2][body] POST https://github.com/login/oauth/access_token [stream]
[debug] [2022-08-05T13:00:44.273Z] <<< [apiv2][status] POST https://github.com/login/oauth/access_token 200
[debug] [2022-08-05T13:00:44.273Z] <<< [apiv2][body] POST https://github.com/login/oauth/access_token {"access_token":"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","token_type":"bearer","scope":"read:user,repo"}
[debug] [2022-08-05T13:00:44.282Z] >>> [apiv2][query] GET https://api.github.com/user [none]
[debug] [2022-08-05T13:00:44.652Z] <<< [apiv2][status] GET https://api.github.com/user 200
[debug] [2022-08-05T13:00:44.652Z] <<< [apiv2][body] GET https://api.github.com/user {"login":"nikit-dwivedi","id":100762712,"node_id":"U_kgDOBgGEWA","avatar_url":"https://avatars.githubusercontent.com/u/100762712?v=4","gravatar_id":"","url":"https://api.github.com/users/nikit-dwivedi","html_url":"https://github.com/nikit-dwivedi","followers_url":"https://api.github.com/users/nikit-dwivedi/followers","following_url":"https://api.github.com/users/nikit-dwivedi/following{/other_user}","gists_url":"https://api.github.com/users/nikit-dwivedi/gists{/gist_id}","starred_url":"https://api.github.com/users/nikit-dwivedi/starred{/owner}{/repo}","subscriptions_url":"https://api.github.com/users/nikit-dwivedi/subscriptions","organizations_url":"https://api.github.com/users/nikit-dwivedi/orgs","repos_url":"https://api.github.com/users/nikit-dwivedi/repos","events_url":"https://api.github.com/users/nikit-dwivedi/events{/privacy}","received_events_url":"https://api.github.com/users/nikit-dwivedi/received_events","type":"User","site_admin":false,"name":"nikit dwivedi","company":null,"blog":"","location":null,"email":null,"hireable":null,"bio":null,"twitter_username":null,"public_repos":1,"public_gists":0,"followers":0,"following":0,"created_at":"2022-03-02T09:14:16Z","updated_at":"2022-07-14T09:36:51Z","private_gists":0,"total_private_repos":12,"owned_private_repos":11,"disk_usage":19433,"collaborators":4,"two_factor_authentication":false,"plan":{"name":"free","space":976562499,"collaborators":0,"private_repos":10000}}
[info] 
[info] ✔  Success! Logged into GitHub as nikit-dwivedi 
[info] 
